<?xml version="1.0" encoding="UTF-8"?>
<coverage generated="1707578546704" clover="3.2.0">
  <project timestamp="1707578546705" name="All files">
    <metrics statements="17" coveredstatements="17" conditionals="1" coveredconditionals="0" methods="4" coveredmethods="2" elements="22" coveredelements="19" complexity="0" loc="17" ncloc="17" packages="1" files="1" classes="1"/>
    <file name="home.js" path="E:\universidad\PROGRAMACION GENERAL\JavaScript\argentinaPrograma\crud-clubes\tarea2\frontApi\src\ui\home.js">
      <metrics statements="17" coveredstatements="17" conditionals="1" coveredconditionals="0" methods="4" coveredmethods="2"/>
      <line num="2" count="1" type="stmt"/>
      <line num="3" count="2" type="stmt"/>
      <line num="4" count="2" type="stmt"/>
      <line num="5" count="2" type="stmt"/>
      <line num="6" count="2" type="stmt"/>
      <line num="7" count="2" type="stmt"/>
      <line num="9" count="2" type="stmt"/>
      <line num="10" count="2" type="stmt"/>
      <line num="12" count="2" type="stmt"/>
      <line num="14" count="2" type="stmt"/>
      <line num="15" count="2" type="stmt"/>
      <line num="16" count="2" type="stmt"/>
      <line num="17" count="2" type="stmt"/>
      <line num="18" count="2" type="stmt"/>
      <line num="19" count="2" type="stmt"/>
      <line num="21" count="2" type="stmt"/>
      <line num="22" count="2" type="stmt"/>
    </file>
  </project>
</coverage>
