{"E:\\universidad\\PROGRAMACION GENERAL\\JavaScript\\argentinaPrograma\\crud-clubes\\tarea2\\frontApi\\src\\ui\\home.js": {"path":"E:\\universidad\\PROGRAMACION GENERAL\\JavaScript\\argentinaPrograma\\crud-clubes\\tarea2\\frontApi\\src\\ui\\home.js","statementMap":{"0":{"start":{"line":2,"column":4},"end":{"line":24,"column":7}},"1":{"start":{"line":3,"column":23},"end":{"line":3,"column":52}},"2":{"start":{"line":4,"column":8},"end":{"line":4,"column":36}},"3":{"start":{"line":5,"column":24},"end":{"line":5,"column":53}},"4":{"start":{"line":6,"column":8},"end":{"line":6,"column":52}},"5":{"start":{"line":7,"column":8},"end":{"line":7,"column":47}},"6":{"start":{"line":9,"column":20},"end":{"line":9,"column":49}},"7":{"start":{"line":10,"column":8},"end":{"line":10,"column":34}},"8":{"start":{"line":12,"column":8},"end":{"line":12,"column":24}},"9":{"start":{"line":14,"column":28},"end":{"line":14,"column":57}},"10":{"start":{"line":15,"column":8},"end":{"line":15,"column":47}},"11":{"start":{"line":16,"column":8},"end":{"line":16,"column":33}},"12":{"start":{"line":17,"column":8},"end":{"line":17,"column":41}},"13":{"start":{"line":18,"column":8},"end":{"line":18,"column":36}},"14":{"start":{"line":19,"column":8},"end":{"line":19,"column":71}},"15":{"start":{"line":19,"column":31},"end":{"line":19,"column":70}},"16":{"start":{"line":21,"column":27},"end":{"line":21,"column":57}},"17":{"start":{"line":22,"column":8},"end":{"line":22,"column":39}}},"fnMap":{"0":{"name":"listarEquipos","decl":{"start":{"line":1,"column":22},"end":{"line":1,"column":35}},"loc":{"start":{"line":1,"column":85},"end":{"line":25,"column":1}},"line":1},"1":{"name":"(anonymous_1)","decl":{"start":{"line":1,"column":74},"end":{"line":1,"column":75}},"loc":{"start":{"line":1,"column":80},"end":{"line":1,"column":83}},"line":1},"2":{"name":"(anonymous_2)","decl":{"start":{"line":2,"column":20},"end":{"line":2,"column":21}},"loc":{"start":{"line":2,"column":30},"end":{"line":24,"column":5}},"line":2},"3":{"name":"(anonymous_3)","decl":{"start":{"line":19,"column":25},"end":{"line":19,"column":26}},"loc":{"start":{"line":19,"column":31},"end":{"line":19,"column":70}},"line":19}},"branchMap":{"0":{"loc":{"start":{"line":1,"column":45},"end":{"line":1,"column":83}},"type":"default-arg","locations":[{"start":{"line":1,"column":74},"end":{"line":1,"column":83}}],"line":1}},"s":{"0":1,"1":2,"2":2,"3":2,"4":2,"5":2,"6":2,"7":2,"8":2,"9":2,"10":2,"11":2,"12":2,"13":2,"14":2,"15":0,"16":2,"17":2},"f":{"0":1,"1":0,"2":2,"3":0},"b":{"0":[0]},"_coverageSchema":"1a1c01bbd47fc00a2c39e90264f33305004495a9","hash":"92428c00dc8f1d8e31ed0dce376e522b81bfc858"}
}
