{"E:\\universidad\\PROGRAMACION GENERAL\\JavaScript\\argentinaPrograma\\crud-clubes\\frontApi\\src\\ui\\home.js": {"path":"E:\\universidad\\PROGRAMACION GENERAL\\JavaScript\\argentinaPrograma\\crud-clubes\\frontApi\\src\\ui\\home.js","statementMap":{"0":{"start":{"line":2,"column":4},"end":{"line":25,"column":7}},"1":{"start":{"line":3,"column":23},"end":{"line":3,"column":52}},"2":{"start":{"line":4,"column":8},"end":{"line":4,"column":36}},"3":{"start":{"line":5,"column":24},"end":{"line":5,"column":53}},"4":{"start":{"line":6,"column":8},"end":{"line":6,"column":52}},"5":{"start":{"line":7,"column":8},"end":{"line":7,"column":47}},"6":{"start":{"line":11,"column":20},"end":{"line":11,"column":49}},"7":{"start":{"line":12,"column":8},"end":{"line":12,"column":34}},"8":{"start":{"line":13,"column":8},"end":{"line":13,"column":24}},"9":{"start":{"line":15,"column":28},"end":{"line":15,"column":57}},"10":{"start":{"line":16,"column":8},"end":{"line":16,"column":47}},"11":{"start":{"line":17,"column":8},"end":{"line":17,"column":33}},"12":{"start":{"line":18,"column":8},"end":{"line":18,"column":41}},"13":{"start":{"line":19,"column":8},"end":{"line":19,"column":36}},"14":{"start":{"line":20,"column":8},"end":{"line":20,"column":66}},"15":{"start":{"line":20,"column":31},"end":{"line":20,"column":65}},"16":{"start":{"line":22,"column":27},"end":{"line":22,"column":57}},"17":{"start":{"line":23,"column":8},"end":{"line":23,"column":39}}},"fnMap":{"0":{"name":"listarEquipos","decl":{"start":{"line":1,"column":22},"end":{"line":1,"column":35}},"loc":{"start":{"line":1,"column":85},"end":{"line":26,"column":1}},"line":1},"1":{"name":"(anonymous_1)","decl":{"start":{"line":1,"column":74},"end":{"line":1,"column":75}},"loc":{"start":{"line":1,"column":80},"end":{"line":1,"column":83}},"line":1},"2":{"name":"(anonymous_2)","decl":{"start":{"line":2,"column":20},"end":{"line":2,"column":21}},"loc":{"start":{"line":2,"column":30},"end":{"line":25,"column":5}},"line":2},"3":{"name":"(anonymous_3)","decl":{"start":{"line":20,"column":25},"end":{"line":20,"column":26}},"loc":{"start":{"line":20,"column":31},"end":{"line":20,"column":65}},"line":20}},"branchMap":{"0":{"loc":{"start":{"line":1,"column":45},"end":{"line":1,"column":83}},"type":"default-arg","locations":[{"start":{"line":1,"column":74},"end":{"line":1,"column":83}}],"line":1}},"s":{"0":1,"1":2,"2":2,"3":2,"4":2,"5":2,"6":2,"7":2,"8":2,"9":2,"10":2,"11":2,"12":2,"13":2,"14":2,"15":0,"16":2,"17":2},"f":{"0":1,"1":0,"2":2,"3":0},"b":{"0":[0]},"_coverageSchema":"1a1c01bbd47fc00a2c39e90264f33305004495a9","hash":"5198795c64f9e2cff30b5e7554d8027df6046409"}
,"E:\\universidad\\PROGRAMACION GENERAL\\JavaScript\\argentinaPrograma\\crud-clubes\\frontApi\\src\\ui\\team.js": {"path":"E:\\universidad\\PROGRAMACION GENERAL\\JavaScript\\argentinaPrograma\\crud-clubes\\frontApi\\src\\ui\\team.js","statementMap":{"0":{"start":{"line":2,"column":2},"end":{"line":2,"column":22}},"1":{"start":{"line":3,"column":21},"end":{"line":3,"column":61}},"2":{"start":{"line":4,"column":20},"end":{"line":4,"column":35}},"3":{"start":{"line":5,"column":2},"end":{"line":9,"column":3}},"4":{"start":{"line":6,"column":4},"end":{"line":6,"column":42}},"5":{"start":{"line":8,"column":4},"end":{"line":8,"column":43}},"6":{"start":{"line":10,"column":18},"end":{"line":10,"column":51}},"7":{"start":{"line":11,"column":2},"end":{"line":11,"column":41}},"8":{"start":{"line":12,"column":2},"end":{"line":12,"column":73}},"9":{"start":{"line":13,"column":2},"end":{"line":13,"column":73}},"10":{"start":{"line":14,"column":2},"end":{"line":14,"column":70}},"11":{"start":{"line":15,"column":2},"end":{"line":15,"column":64}},"12":{"start":{"line":16,"column":2},"end":{"line":16,"column":71}},"13":{"start":{"line":17,"column":2},"end":{"line":17,"column":67}},"14":{"start":{"line":18,"column":2},"end":{"line":18,"column":67}},"15":{"start":{"line":19,"column":2},"end":{"line":19,"column":69}},"16":{"start":{"line":23,"column":20},"end":{"line":23,"column":63}},"17":{"start":{"line":24,"column":13},"end":{"line":24,"column":32}},"18":{"start":{"line":26,"column":2},"end":{"line":26,"column":12}},"19":{"start":{"line":30,"column":21},"end":{"line":30,"column":54}},"20":{"start":{"line":31,"column":2},"end":{"line":31,"column":89}},"21":{"start":{"line":31,"column":45},"end":{"line":31,"column":87}},"22":{"start":{"line":35,"column":20},"end":{"line":35,"column":63}},"23":{"start":{"line":36,"column":13},"end":{"line":36,"column":32}},"24":{"start":{"line":37,"column":19},"end":{"line":37,"column":55}},"25":{"start":{"line":38,"column":2},"end":{"line":42,"column":5}},"26":{"start":{"line":39,"column":4},"end":{"line":41,"column":7}},"27":{"start":{"line":40,"column":6},"end":{"line":40,"column":64}},"28":{"start":{"line":45,"column":2},"end":{"line":48,"column":3}},"29":{"start":{"line":46,"column":27},"end":{"line":46,"column":69}},"30":{"start":{"line":47,"column":4},"end":{"line":47,"column":27}},"31":{"start":{"line":49,"column":2},"end":{"line":52,"column":3}},"32":{"start":{"line":50,"column":27},"end":{"line":50,"column":60}},"33":{"start":{"line":51,"column":4},"end":{"line":51,"column":54}},"34":{"start":{"line":53,"column":2},"end":{"line":56,"column":3}},"35":{"start":{"line":54,"column":27},"end":{"line":54,"column":63}},"36":{"start":{"line":55,"column":4},"end":{"line":55,"column":63}},"37":{"start":{"line":57,"column":2},"end":{"line":60,"column":3}},"38":{"start":{"line":58,"column":27},"end":{"line":58,"column":62}},"39":{"start":{"line":59,"column":4},"end":{"line":59,"column":61}},"40":{"start":{"line":61,"column":2},"end":{"line":64,"column":3}},"41":{"start":{"line":62,"column":27},"end":{"line":62,"column":59}},"42":{"start":{"line":63,"column":4},"end":{"line":63,"column":61}},"43":{"start":{"line":65,"column":2},"end":{"line":68,"column":3}},"44":{"start":{"line":66,"column":27},"end":{"line":66,"column":61}},"45":{"start":{"line":67,"column":4},"end":{"line":67,"column":63}},"46":{"start":{"line":69,"column":2},"end":{"line":72,"column":3}},"47":{"start":{"line":70,"column":27},"end":{"line":70,"column":63}},"48":{"start":{"line":71,"column":4},"end":{"line":71,"column":63}},"49":{"start":{"line":73,"column":2},"end":{"line":76,"column":3}},"50":{"start":{"line":74,"column":27},"end":{"line":74,"column":60}},"51":{"start":{"line":75,"column":4},"end":{"line":75,"column":61}},"52":{"start":{"line":80,"column":26},"end":{"line":80,"column":69}},"53":{"start":{"line":81,"column":2},"end":{"line":87,"column":5}},"54":{"start":{"line":83,"column":22},"end":{"line":83,"column":64}},"55":{"start":{"line":86,"column":4},"end":{"line":86,"column":39}},"56":{"start":{"line":91,"column":23},"end":{"line":91,"column":56}},"57":{"start":{"line":93,"column":2},"end":{"line":96,"column":5}},"58":{"start":{"line":94,"column":19},"end":{"line":94,"column":51}},"59":{"start":{"line":95,"column":4},"end":{"line":95,"column":34}},"60":{"start":{"line":100,"column":23},"end":{"line":100,"column":55}},"61":{"start":{"line":101,"column":17},"end":{"line":101,"column":49}},"62":{"start":{"line":102,"column":2},"end":{"line":104,"column":5}},"63":{"start":{"line":103,"column":4},"end":{"line":103,"column":34}}},"fnMap":{"0":{"name":"listarInformacionDelEquipo","decl":{"start":{"line":1,"column":16},"end":{"line":1,"column":42}},"loc":{"start":{"line":1,"column":51},"end":{"line":20,"column":1}},"line":1},"1":{"name":"obtenerIdUrl","decl":{"start":{"line":22,"column":16},"end":{"line":22,"column":28}},"loc":{"start":{"line":22,"column":31},"end":{"line":27,"column":1}},"line":22},"2":{"name":"borrarElEquipo","decl":{"start":{"line":29,"column":16},"end":{"line":29,"column":30}},"loc":{"start":{"line":29,"column":71},"end":{"line":32,"column":1}},"line":29},"3":{"name":"(anonymous_3)","decl":{"start":{"line":29,"column":60},"end":{"line":29,"column":61}},"loc":{"start":{"line":29,"column":66},"end":{"line":29,"column":69}},"line":29},"4":{"name":"(anonymous_4)","decl":{"start":{"line":31,"column":39},"end":{"line":31,"column":40}},"loc":{"start":{"line":31,"column":45},"end":{"line":31,"column":87}},"line":31},"5":{"name":"asginarEventosABotonesEditar","decl":{"start":{"line":34,"column":16},"end":{"line":34,"column":44}},"loc":{"start":{"line":34,"column":74},"end":{"line":43,"column":1}},"line":34},"6":{"name":"(anonymous_6)","decl":{"start":{"line":34,"column":63},"end":{"line":34,"column":64}},"loc":{"start":{"line":34,"column":69},"end":{"line":34,"column":72}},"line":34},"7":{"name":"(anonymous_7)","decl":{"start":{"line":38,"column":19},"end":{"line":38,"column":20}},"loc":{"start":{"line":38,"column":29},"end":{"line":42,"column":3}},"line":38},"8":{"name":"(anonymous_8)","decl":{"start":{"line":39,"column":35},"end":{"line":39,"column":36}},"loc":{"start":{"line":39,"column":41},"end":{"line":41,"column":5}},"line":39},"9":{"name":"verificarQueDatoSeQuiereEditar","decl":{"start":{"line":44,"column":9},"end":{"line":44,"column":39}},"loc":{"start":{"line":44,"column":67},"end":{"line":77,"column":1}},"line":44},"10":{"name":"editarImagenEvento","decl":{"start":{"line":79,"column":9},"end":{"line":79,"column":27}},"loc":{"start":{"line":79,"column":32},"end":{"line":88,"column":1}},"line":79},"11":{"name":"(anonymous_11)","decl":{"start":{"line":81,"column":45},"end":{"line":81,"column":46}},"loc":{"start":{"line":81,"column":61},"end":{"line":87,"column":3}},"line":81},"12":{"name":"editarEquipo","decl":{"start":{"line":90,"column":16},"end":{"line":90,"column":28}},"loc":{"start":{"line":90,"column":31},"end":{"line":97,"column":1}},"line":90},"13":{"name":"(anonymous_13)","decl":{"start":{"line":93,"column":41},"end":{"line":93,"column":42}},"loc":{"start":{"line":93,"column":47},"end":{"line":96,"column":3}},"line":93},"14":{"name":"cerrarModal","decl":{"start":{"line":99,"column":16},"end":{"line":99,"column":27}},"loc":{"start":{"line":99,"column":30},"end":{"line":105,"column":1}},"line":99},"15":{"name":"(anonymous_15)","decl":{"start":{"line":102,"column":41},"end":{"line":102,"column":42}},"loc":{"start":{"line":102,"column":47},"end":{"line":104,"column":3}},"line":102}},"branchMap":{"0":{"loc":{"start":{"line":5,"column":2},"end":{"line":9,"column":3}},"type":"if","locations":[{"start":{"line":5,"column":2},"end":{"line":9,"column":3}},{"start":{"line":7,"column":9},"end":{"line":9,"column":3}}],"line":5},"1":{"loc":{"start":{"line":5,"column":6},"end":{"line":5,"column":65}},"type":"binary-expr","locations":[{"start":{"line":5,"column":6},"end":{"line":5,"column":29}},{"start":{"line":5,"column":33},"end":{"line":5,"column":65}}],"line":5},"2":{"loc":{"start":{"line":29,"column":31},"end":{"line":29,"column":69}},"type":"default-arg","locations":[{"start":{"line":29,"column":60},"end":{"line":29,"column":69}}],"line":29},"3":{"loc":{"start":{"line":34,"column":45},"end":{"line":34,"column":72}},"type":"default-arg","locations":[{"start":{"line":34,"column":63},"end":{"line":34,"column":72}}],"line":34},"4":{"loc":{"start":{"line":45,"column":2},"end":{"line":48,"column":3}},"type":"if","locations":[{"start":{"line":45,"column":2},"end":{"line":48,"column":3}},{"start":{},"end":{}}],"line":45},"5":{"loc":{"start":{"line":49,"column":2},"end":{"line":52,"column":3}},"type":"if","locations":[{"start":{"line":49,"column":2},"end":{"line":52,"column":3}},{"start":{},"end":{}}],"line":49},"6":{"loc":{"start":{"line":53,"column":2},"end":{"line":56,"column":3}},"type":"if","locations":[{"start":{"line":53,"column":2},"end":{"line":56,"column":3}},{"start":{},"end":{}}],"line":53},"7":{"loc":{"start":{"line":57,"column":2},"end":{"line":60,"column":3}},"type":"if","locations":[{"start":{"line":57,"column":2},"end":{"line":60,"column":3}},{"start":{},"end":{}}],"line":57},"8":{"loc":{"start":{"line":61,"column":2},"end":{"line":64,"column":3}},"type":"if","locations":[{"start":{"line":61,"column":2},"end":{"line":64,"column":3}},{"start":{},"end":{}}],"line":61},"9":{"loc":{"start":{"line":65,"column":2},"end":{"line":68,"column":3}},"type":"if","locations":[{"start":{"line":65,"column":2},"end":{"line":68,"column":3}},{"start":{},"end":{}}],"line":65},"10":{"loc":{"start":{"line":69,"column":2},"end":{"line":72,"column":3}},"type":"if","locations":[{"start":{"line":69,"column":2},"end":{"line":72,"column":3}},{"start":{},"end":{}}],"line":69},"11":{"loc":{"start":{"line":73,"column":2},"end":{"line":76,"column":3}},"type":"if","locations":[{"start":{"line":73,"column":2},"end":{"line":76,"column":3}},{"start":{},"end":{}}],"line":73}},"s":{"0":1,"1":1,"2":1,"3":1,"4":0,"5":1,"6":1,"7":1,"8":1,"9":1,"10":1,"11":1,"12":1,"13":1,"14":1,"15":1,"16":0,"17":0,"18":0,"19":0,"20":0,"21":0,"22":0,"23":0,"24":0,"25":0,"26":0,"27":0,"28":0,"29":0,"30":0,"31":0,"32":0,"33":0,"34":0,"35":0,"36":0,"37":0,"38":0,"39":0,"40":0,"41":0,"42":0,"43":0,"44":0,"45":0,"46":0,"47":0,"48":0,"49":0,"50":0,"51":0,"52":0,"53":0,"54":0,"55":0,"56":0,"57":0,"58":0,"59":0,"60":0,"61":0,"62":0,"63":0},"f":{"0":1,"1":0,"2":0,"3":0,"4":0,"5":0,"6":0,"7":0,"8":0,"9":0,"10":0,"11":0,"12":0,"13":0,"14":0,"15":0},"b":{"0":[0,1],"1":[1,1],"2":[0],"3":[0],"4":[0,0],"5":[0,0],"6":[0,0],"7":[0,0],"8":[0,0],"9":[0,0],"10":[0,0],"11":[0,0]},"_coverageSchema":"1a1c01bbd47fc00a2c39e90264f33305004495a9","hash":"69ef9d41a64f6bb3c64eb942bb1505eb63c5edd0"}
}
