TN:
SF:frontApi\src\ui\home.js
FN:1,listarEquipos
FN:1,(anonymous_1)
FN:2,(anonymous_2)
FN:20,(anonymous_3)
FNF:4
FNH:2
FNDA:1,listarEquipos
FNDA:0,(anonymous_1)
FNDA:2,(anonymous_2)
FNDA:0,(anonymous_3)
DA:2,1
DA:3,2
DA:4,2
DA:5,2
DA:6,2
DA:7,2
DA:11,2
DA:12,2
DA:13,2
DA:15,2
DA:16,2
DA:17,2
DA:18,2
DA:19,2
DA:20,2
DA:22,2
DA:23,2
LF:17
LH:17
BRDA:1,0,0,0
BRF:1
BRH:0
end_of_record
TN:
SF:frontApi\src\ui\team.js
FN:1,listarInformacionDelEquipo
FN:22,obtenerIdUrl
FN:29,borrarElEquipo
FN:29,(anonymous_3)
FN:31,(anonymous_4)
FN:34,asginarEventosABotonesEditar
FN:34,(anonymous_6)
FN:38,(anonymous_7)
FN:39,(anonymous_8)
FN:44,verificarQueDatoSeQuiereEditar
FN:79,editarImagenEvento
FN:81,(anonymous_11)
FN:90,editarEquipo
FN:93,(anonymous_13)
FN:99,cerrarModal
FN:102,(anonymous_15)
FNF:16
FNH:1
FNDA:1,listarInformacionDelEquipo
FNDA:0,obtenerIdUrl
FNDA:0,borrarElEquipo
FNDA:0,(anonymous_3)
FNDA:0,(anonymous_4)
FNDA:0,asginarEventosABotonesEditar
FNDA:0,(anonymous_6)
FNDA:0,(anonymous_7)
FNDA:0,(anonymous_8)
FNDA:0,verificarQueDatoSeQuiereEditar
FNDA:0,editarImagenEvento
FNDA:0,(anonymous_11)
FNDA:0,editarEquipo
FNDA:0,(anonymous_13)
FNDA:0,cerrarModal
FNDA:0,(anonymous_15)
DA:2,1
DA:3,1
DA:4,1
DA:5,1
DA:6,0
DA:8,1
DA:10,1
DA:11,1
DA:12,1
DA:13,1
DA:14,1
DA:15,1
DA:16,1
DA:17,1
DA:18,1
DA:19,1
DA:23,0
DA:24,0
DA:26,0
DA:30,0
DA:31,0
DA:35,0
DA:36,0
DA:37,0
DA:38,0
DA:39,0
DA:40,0
DA:45,0
DA:46,0
DA:47,0
DA:49,0
DA:50,0
DA:51,0
DA:53,0
DA:54,0
DA:55,0
DA:57,0
DA:58,0
DA:59,0
DA:61,0
DA:62,0
DA:63,0
DA:65,0
DA:66,0
DA:67,0
DA:69,0
DA:70,0
DA:71,0
DA:73,0
DA:74,0
DA:75,0
DA:80,0
DA:81,0
DA:83,0
DA:86,0
DA:91,0
DA:93,0
DA:94,0
DA:95,0
DA:100,0
DA:101,0
DA:102,0
DA:103,0
LF:63
LH:15
BRDA:5,0,0,0
BRDA:5,0,1,1
BRDA:5,1,0,1
BRDA:5,1,1,1
BRDA:29,2,0,0
BRDA:34,3,0,0
BRDA:45,4,0,0
BRDA:45,4,1,0
BRDA:49,5,0,0
BRDA:49,5,1,0
BRDA:53,6,0,0
BRDA:53,6,1,0
BRDA:57,7,0,0
BRDA:57,7,1,0
BRDA:61,8,0,0
BRDA:61,8,1,0
BRDA:65,9,0,0
BRDA:65,9,1,0
BRDA:69,10,0,0
BRDA:69,10,1,0
BRDA:73,11,0,0
BRDA:73,11,1,0
BRF:22
BRH:3
end_of_record
